<?xml version="1.0" encoding="UTF-8"?>
<!-- Generated by org.testng.reporters.JUnitXMLReporter -->
<testsuite ignored="0" hostname="DESKTOP-U23SFKB" failures="0" tests="10" name="Default test" time="14.712" errors="0" timestamp="2023-06-18T10:36:50 IST">
  <testcase classname="qaTestCases.GiftCardPageTest" name="vaateHomepageTitleTest" time="0.058"/>
  <testcase classname="qaTestCases.GiftCardPageTest" name="giftCardIconTest" time="2.963"/>
  <testcase classname="qaTestCases.GiftCardPageTest" name="cardPageTitleTest" time="0.009"/>
  <testcase classname="qaTestCases.GiftCardPageTest" name="chooseCardTest" time="0.116"/>
  <testcase classname="qaTestCases.GiftCardPageTest" name="sendAmountTest" time="0.186"/>
  <testcase classname="qaTestCases.GiftCardPageTest" name="clickNextTest" time="0.1"/>
  <testcase classname="qaTestCases.GiftCardPageTest" name="fillRecFormTest" time="0.282"/>
  <testcase classname="qaTestCases.GiftCardPageTest" name="fillCusFormTest" time="0.568"/>
  <testcase classname="qaTestCases.GiftCardPageTest" name="clickOnConfirmTest" time="0.118"/>
  <testcase classname="qaTestCases.GiftCardPageTest" name="takeScreenshotTest" time="0.377"/>
</testsuite> <!-- Default test -->
