<?xml version="1.0" encoding="UTF-8"?>
<!-- Generated by org.testng.reporters.JUnitXMLReporter -->
<testsuite ignored="0" hostname="DESKTOP-U23SFKB" failures="0" tests="19" name="UrbanLadder Website Test Cases" time="44.392" errors="0" timestamp="2023-06-17T13:17:03 IST">
  <testcase classname="qaTestCases.HomePageTest" name="vaateHomepageTitleTest" time="0.103"/>
  <testcase classname="qaTestCases.HomePageTest" name="subMenuTest" time="1.611"/>
  <testcase classname="qaTestCases.BookShelvesTest" name="validateHomepageTitleTest" time="0.019"/>
  <testcase classname="qaTestCases.BookShelvesTest" name="clickBookShelveIconTest" time="0.296"/>
  <testcase classname="qaTestCases.BookShelvesTest" name="clickOnPopUpTest" time="5.28"/>
  <testcase classname="qaTestCases.BookShelvesTest" name="openStorageTest" time="3.496"/>
  <testcase classname="qaTestCases.BookShelvesTest" name="priceLimitTest" time="2.637"/>
  <testcase classname="qaTestCases.BookShelvesTest" name="inStockTest" time="0.132"/>
  <testcase classname="qaTestCases.BookShelvesTest" name="displayDisplayBookShelvesTest" time="0.21"/>
  <testcase classname="qaTestCases.GiftCardPageTest" name="vaateHomepageTitleTest" time="0.011"/>
  <testcase classname="qaTestCases.GiftCardPageTest" name="giftCardIconTest" time="3.993"/>
  <testcase classname="qaTestCases.GiftCardPageTest" name="cardPageTitleTest" time="0.015"/>
  <testcase classname="qaTestCases.GiftCardPageTest" name="chooseCardTest" time="0.164"/>
  <testcase classname="qaTestCases.GiftCardPageTest" name="sendAmountTest" time="0.179"/>
  <testcase classname="qaTestCases.GiftCardPageTest" name="clickNextTest" time="0.127"/>
  <testcase classname="qaTestCases.GiftCardPageTest" name="fillRecFormTest" time="0.297"/>
  <testcase classname="qaTestCases.GiftCardPageTest" name="fillCusFormTest" time="0.905"/>
  <testcase classname="qaTestCases.GiftCardPageTest" name="clickOnConfirmTest" time="0.126"/>
  <testcase classname="qaTestCases.GiftCardPageTest" name="takeScreenshotTest" time="0.261"/>
</testsuite> <!-- UrbanLadder Website Test Cases -->
