<?xml version="1.0" encoding="UTF-8"?>
<!-- Generated by org.testng.reporters.JUnitXMLReporter -->
<testsuite ignored="0" hostname="DESKTOP-U23SFKB" failures="0" tests="19" name="UrbanLadder Website Test Cases" time="39.454" errors="0" timestamp="2023-06-19T21:16:17 IST">
  <testcase classname="qaTestCases.HomePageTest" name="vaateHomepageTitleTest" time="0.02"/>
  <testcase classname="qaTestCases.HomePageTest" name="subMenuTest" time="2.104"/>
  <testcase classname="qaTestCases.BookShelvesTest" name="validateHomepageTitleTest" time="0.012"/>
  <testcase classname="qaTestCases.BookShelvesTest" name="clickBookShelveIconTest" time="0.219"/>
  <testcase classname="qaTestCases.BookShelvesTest" name="clickOnPopUpTest" time="5.731"/>
  <testcase classname="qaTestCases.BookShelvesTest" name="openStorageTest" time="2.325"/>
  <testcase classname="qaTestCases.BookShelvesTest" name="priceLimitTest" time="2.877"/>
  <testcase classname="qaTestCases.BookShelvesTest" name="inStockTest" time="0.101"/>
  <testcase classname="qaTestCases.BookShelvesTest" name="displayDisplayBookShelvesTest" time="0.124"/>
  <testcase classname="qaTestCases.GiftCardPageTest" name="vaateHomepageTitleTest" time="0.01"/>
  <testcase classname="qaTestCases.GiftCardPageTest" name="giftCardIconTest" time="2.977"/>
  <testcase classname="qaTestCases.GiftCardPageTest" name="cardPageTitleTest" time="0.009"/>
  <testcase classname="qaTestCases.GiftCardPageTest" name="chooseCardTest" time="0.142"/>
  <testcase classname="qaTestCases.GiftCardPageTest" name="sendAmountTest" time="0.175"/>
  <testcase classname="qaTestCases.GiftCardPageTest" name="clickNextTest" time="0.112"/>
  <testcase classname="qaTestCases.GiftCardPageTest" name="fillRecFormTest" time="0.271"/>
  <testcase classname="qaTestCases.GiftCardPageTest" name="fillCusFormTest" time="0.582"/>
  <testcase classname="qaTestCases.GiftCardPageTest" name="clickOnConfirmTest" time="0.525"/>
  <testcase classname="qaTestCases.GiftCardPageTest" name="takeScreenshotTest" time="0.378"/>
</testsuite> <!-- UrbanLadder Website Test Cases -->
