<?xml version="1.0" encoding="UTF-8"?>
<testng-results ignored="0" total="10" passed="10" failed="0" skipped="0">
  <reporter-output>
  </reporter-output>
  <suite started-at="2023-06-18T10:36:35 IST" name="Default suite" finished-at="2023-06-18T10:36:50 IST" duration-ms="14712">
    <groups>
    </groups>
    <test started-at="2023-06-18T10:36:35 IST" name="Default test" finished-at="2023-06-18T10:36:50 IST" duration-ms="14712">
      <class name="qaTestCases.GiftCardPageTest">
        <test-method is-config="true" signature="setUp()[pri:0, instance:qaTestCases.GiftCardPageTest@2ad48653]" started-at="2023-06-18T10:36:35 IST" name="setUp" finished-at="2023-06-18T10:36:43 IST" duration-ms="7549" status="PASS">
          <reporter-output>
          </reporter-output>
        </test-method> <!-- setUp -->
        <test-method signature="vaateHomepageTitleTest()[pri:-1, instance:qaTestCases.GiftCardPageTest@2ad48653]" started-at="2023-06-18T10:36:43 IST" name="vaateHomepageTitleTest" finished-at="2023-06-18T10:36:43 IST" duration-ms="58" status="PASS">
          <reporter-output>
          </reporter-output>
        </test-method> <!-- vaateHomepageTitleTest -->
        <test-method signature="giftCardIconTest()[pri:0, instance:qaTestCases.GiftCardPageTest@2ad48653]" started-at="2023-06-18T10:36:43 IST" name="giftCardIconTest" finished-at="2023-06-18T10:36:46 IST" duration-ms="2963" status="PASS">
          <reporter-output>
          </reporter-output>
        </test-method> <!-- giftCardIconTest -->
        <test-method signature="cardPageTitleTest()[pri:1, instance:qaTestCases.GiftCardPageTest@2ad48653]" started-at="2023-06-18T10:36:46 IST" name="cardPageTitleTest" finished-at="2023-06-18T10:36:46 IST" duration-ms="9" status="PASS">
          <reporter-output>
          </reporter-output>
        </test-method> <!-- cardPageTitleTest -->
        <test-method signature="chooseCardTest()[pri:2, instance:qaTestCases.GiftCardPageTest@2ad48653]" started-at="2023-06-18T10:36:46 IST" name="chooseCardTest" finished-at="2023-06-18T10:36:46 IST" duration-ms="116" status="PASS">
          <reporter-output>
          </reporter-output>
        </test-method> <!-- chooseCardTest -->
        <test-method signature="sendAmountTest()[pri:3, instance:qaTestCases.GiftCardPageTest@2ad48653]" started-at="2023-06-18T10:36:46 IST" name="sendAmountTest" finished-at="2023-06-18T10:36:46 IST" duration-ms="186" status="PASS">
          <reporter-output>
          </reporter-output>
        </test-method> <!-- sendAmountTest -->
        <test-method signature="clickNextTest()[pri:4, instance:qaTestCases.GiftCardPageTest@2ad48653]" started-at="2023-06-18T10:36:46 IST" name="clickNextTest" finished-at="2023-06-18T10:36:46 IST" duration-ms="100" status="PASS">
          <reporter-output>
          </reporter-output>
        </test-method> <!-- clickNextTest -->
        <test-method signature="fillRecFormTest(java.lang.String,java.lang.String,java.lang.String)[pri:5, instance:qaTestCases.GiftCardPageTest@2ad48653]" started-at="2023-06-18T10:36:47 IST" name="fillRecFormTest" data-provider="giftCardRecTestData" finished-at="2023-06-18T10:36:47 IST" duration-ms="282" status="PASS">
          <params>
            <param index="0">
              <value>
                <![CDATA[Liza]]>
              </value>
            </param>
            <param index="1">
              <value>
                <![CDATA[abc@zyz]]>
              </value>
            </param>
            <param index="2">
              <value>
                <![CDATA[84614563]]>
              </value>
            </param>
          </params>
          <reporter-output>
          </reporter-output>
        </test-method> <!-- fillRecFormTest -->
        <test-method signature="fillCusFormTest(java.lang.String,java.lang.String,java.lang.String,java.lang.String,java.lang.String,java.lang.String)[pri:6, instance:qaTestCases.GiftCardPageTest@2ad48653]" started-at="2023-06-18T10:36:47 IST" name="fillCusFormTest" data-provider="giftCardCusTestData" finished-at="2023-06-18T10:36:48 IST" duration-ms="568" status="PASS">
          <params>
            <param index="0">
              <value>
                <![CDATA[Jay]]>
              </value>
            </param>
            <param index="1">
              <value>
                <![CDATA[bzy@abd]]>
              </value>
            </param>
            <param index="2">
              <value>
                <![CDATA[7469254136]]>
              </value>
            </param>
            <param index="3">
              <value>
                <![CDATA[46, MG Road]]>
              </value>
            </param>
            <param index="4">
              <value>
                <![CDATA[700083]]>
              </value>
            </param>
            <param index="5">
              <value>
                <![CDATA[Happy BirthDay]]>
              </value>
            </param>
          </params>
          <reporter-output>
          </reporter-output>
        </test-method> <!-- fillCusFormTest -->
        <test-method signature="clickOnConfirmTest()[pri:7, instance:qaTestCases.GiftCardPageTest@2ad48653]" started-at="2023-06-18T10:36:48 IST" name="clickOnConfirmTest" finished-at="2023-06-18T10:36:48 IST" duration-ms="118" status="PASS">
          <reporter-output>
          </reporter-output>
        </test-method> <!-- clickOnConfirmTest -->
        <test-method signature="takeScreenshotTest()[pri:8, instance:qaTestCases.GiftCardPageTest@2ad48653]" started-at="2023-06-18T10:36:48 IST" name="takeScreenshotTest" finished-at="2023-06-18T10:36:48 IST" duration-ms="377" status="PASS">
          <reporter-output>
          </reporter-output>
        </test-method> <!-- takeScreenshotTest -->
        <test-method is-config="true" signature="close()[pri:0, instance:qaTestCases.GiftCardPageTest@2ad48653]" started-at="2023-06-18T10:36:48 IST" name="close" finished-at="2023-06-18T10:36:50 IST" duration-ms="1605" status="PASS">
          <reporter-output>
          </reporter-output>
        </test-method> <!-- close -->
      </class> <!-- qaTestCases.GiftCardPageTest -->
    </test> <!-- Default test -->
  </suite> <!-- Default suite -->
</testng-results>
